#! /usr/bin/vvp
:ivl_version "11.0 (stable)";
:ivl_delay_selection "TYPICAL";
:vpi_time_precision - 12;
:vpi_module "/usr/lib/x86_64-linux-gnu/ivl/system.vpi";
:vpi_module "/usr/lib/x86_64-linux-gnu/ivl/vhdl_sys.vpi";
:vpi_module "/usr/lib/x86_64-linux-gnu/ivl/vhdl_textio.vpi";
:vpi_module "/usr/lib/x86_64-linux-gnu/ivl/v2005_math.vpi";
:vpi_module "/usr/lib/x86_64-linux-gnu/ivl/va_math.vpi";
S_0x55e831c90630 .scope module, "lsfr_tb" "lsfr_tb" 2 3;
 .timescale -9 -12;
v0x55e831cb5b60_0 .var "clk_tb", 0 0;
v0x55e831cb5c00_0 .net "out_tb", 3 0, v0x55e831cb5940_0;  1 drivers
v0x55e831cb5cd0_0 .var "rst_tb", 0 0;
S_0x55e831ca3170 .scope module, "DUT" "lsfr" 2 9, 3 1 0, S_0x55e831c90630;
 .timescale 0 0;
    .port_info 0 /OUTPUT 4 "out";
    .port_info 1 /INPUT 1 "clk";
    .port_info 2 /INPUT 1 "rst";
L_0x55e831cb5f90 .functor XOR 1, L_0x55e831cb5dd0, L_0x55e831cb5ef0, C4<0>, C4<0>;
L_0x55e831cb60d0 .functor NOT 1, L_0x55e831cb5f90, C4<0>, C4<0>, C4<0>;
v0x55e831ca3370_0 .net *"_ivl_1", 0 0, L_0x55e831cb5dd0;  1 drivers
v0x55e831cb55d0_0 .net *"_ivl_3", 0 0, L_0x55e831cb5ef0;  1 drivers
v0x55e831cb56b0_0 .net *"_ivl_4", 0 0, L_0x55e831cb5f90;  1 drivers
v0x55e831cb5770_0 .net "clk", 0 0, v0x55e831cb5b60_0;  1 drivers
v0x55e831cb5830_0 .net "feedback", 0 0, L_0x55e831cb60d0;  1 drivers
v0x55e831cb5940_0 .var "out", 3 0;
v0x55e831cb5a20_0 .net "rst", 0 0, v0x55e831cb5cd0_0;  1 drivers
E_0x55e831ca1fa0 .event posedge, v0x55e831cb5a20_0, v0x55e831cb5770_0;
L_0x55e831cb5dd0 .part v0x55e831cb5940_0, 3, 1;
L_0x55e831cb5ef0 .part v0x55e831cb5940_0, 2, 1;
    .scope S_0x55e831ca3170;
T_0 ;
    %wait E_0x55e831ca1fa0;
    %load/vec4 v0x55e831cb5a20_0;
    %flag_set/vec4 8;
    %jmp/0xz  T_0.0, 8;
    %pushi/vec4 0, 0, 4;
    %assign/vec4 v0x55e831cb5940_0, 0;
    %jmp T_0.1;
T_0.0 ;
    %load/vec4 v0x55e831cb5940_0;
    %parti/s 3, 0, 2;
    %load/vec4 v0x55e831cb5830_0;
    %concat/vec4; draw_concat_vec4
    %assign/vec4 v0x55e831cb5940_0, 0;
T_0.1 ;
    %jmp T_0;
    .thread T_0;
    .scope S_0x55e831c90630;
T_1 ;
    %pushi/vec4 0, 0, 1;
    %store/vec4 v0x55e831cb5b60_0, 0, 1;
T_1.0 ;
    %delay 5000, 0;
    %load/vec4 v0x55e831cb5b60_0;
    %inv;
    %store/vec4 v0x55e831cb5b60_0, 0, 1;
    %jmp T_1.0;
    %end;
    .thread T_1;
    .scope S_0x55e831c90630;
T_2 ;
    %pushi/vec4 1, 0, 1;
    %store/vec4 v0x55e831cb5cd0_0, 0, 1;
    %delay 15000, 0;
    %pushi/vec4 0, 0, 1;
    %store/vec4 v0x55e831cb5cd0_0, 0, 1;
    %vpi_call 2 30 "$dumpfile", "dumpfile.vcd" {0 0 0};
    %vpi_call 2 31 "$dumpvars", 32'sb00000000000000000000000000000000, S_0x55e831c90630 {0 0 0};
    %delay 200000, 0;
    %delay 10000, 0;
    %vpi_call 2 37 "$finish" {0 0 0};
    %end;
    .thread T_2;
# The file index is used to find the file name in the following table.
:file_names 4;
    "N/A";
    "<interactive>";
    "lsfr_tb.v";
    "lsfr.v";
